********************************************************************************
DUPLICATOR-LITE PACKAGE-LOG: April 18, 2021 6:27 am
NOTICE: Do NOT post to public sites or forums 
********************************************************************************
VERSION:	1.4.0
WORDPRESS:	5.5.1
PHP INFO:	7.4.2 | SAPI: apache2handler
SERVER:		Apache/2.2.34 (Unix) mod_wsgi/3.5 Python/2.7.13 PHP/7.4.2 mod_ssl/2.2.34 OpenSSL/1.0.2o DAV/2 mod_fastcgi/mod_fastcgi-SNAP-0910052141 mod_perl/2.0.11 Perl/v5.24.0 
PHP TIME LIMIT: (0) no time limit imposed 
PHP MAX MEMORY: 4294967296 (128M default) 
MEMORY STACK: 10.5MB

********************************************************************************
DATABASE:
********************************************************************************
BUILD MODE:   PHP(query limit - 100)
MYSQLTIMEOUT: 5000
MYSQLDUMP:    Not Supported
TABLES: total:44 | filtered:0 | create:44
FILTERED: []
SQL CREATED: 20210418_shoptheme_1b243695ea0a4ab51502_20210418062739_database.sql
SQL FILE SIZE: 1.36MB (1427351)
SQL FILE TIME: 2021-04-18 06:27:51
SQL RUNTIME: 0.22 sec.

********************************************************************************
ARCHIVE (ZIP):
********************************************************************************
ARCHIVE DIR:  /Applications/MAMP/htdocs/shopTheme
ARCHIVE FILE: 20210418_shoptheme_1b243695ea0a4ab51502_20210418062739_archive.zip
FILTERS: *OFF*
DIRS:
	not set
FILES:
	not set
EXTS:  not set
----------------------------------------
COMPRESSING
SIZE:	153.75MB
STATS:	Dirs 1,242 | Files 6,597
SQL ADDED: 20210418_shoptheme_1b243695ea0a4ab51502_20210418062739_database.sql
ZipArchive Object
(
    [status] => 0
    [statusSys] => 0
    [numFiles] => 7839
    [filename] => /Applications/MAMP/htdocs/shopTheme/wp-content/backups-dup-lite/tmp/20210418_shoptheme_1b243695ea0a4ab51502_20210418062739_archive.zip
    [comment] => 
)

FILE ADDED TO ZIP: 7838
COMPRESSION RESULT: '1'
COMPRESSED SIZE: 97.62MB
ARCHIVE RUNTIME: 16.08 sec.
MEMORY STACK: 12.5MB
building installer
add_extra_files1
add_extra_files2
add_extra_files3
add_extra_files4
Doing archive file check
add_extra_files5
add_extra_files6
add_extra_files8
Successfully opened zip /Applications/MAMP/htdocs/shopTheme/wp-content/backups-dup-lite/tmp/20210418_shoptheme_1b243695ea0a4ab51502_20210418062739_archive.zip
Adding enhanced installer files to archive using ZipArchive
Installer files added to archive
Added to archive
After ziparchive close when adding installer

********************************************************************************
INTEGRITY CHECKS:
********************************************************************************
SQL FILE: 1.36MB
INSTALLER FILE: 63.95KB
ARCHIVE FILE: 99.18MB 
EXPECTED FILE/DIRECTORY COUNT: 7,839
ACTUAL FILE/DIRECTORY COUNT: 7,838
ARCHIVE CONSISTENCY TEST: Pass

********************************************************************************
RECORD ID:[1]
TOTAL PROCESS RUNTIME: 20.99 sec.
PEAK PHP MEMORY USED: 14.5MB
DONE PROCESSING => 20210418_shoptheme April 18, 2021 6:28 am

